<?xml version="1.0" encoding="UTF-8"?>
<testsuite name="org.example.AccountImplTest" tests="3" skipped="0" failures="0" errors="0" timestamp="2024-07-21T06:55:42" hostname="JethrodeMacBook-Pro.local" time="0.018">
  <properties/>
  <testcase name="testAddEntry()" classname="org.example.AccountImplTest" time="0.016"/>
  <testcase name="testInitialBalance()" classname="org.example.AccountImplTest" time="0.001"/>
  <testcase name="testMultipleEntries()" classname="org.example.AccountImplTest" time="0.001"/>
  <system-out><![CDATA[]]></system-out>
  <system-err><![CDATA[Jul 21, 2024 2:55:42 PM org.example.AccountImpl addEntry
INFO: Account 1: Added entry org.example.AccountEntry@1ed4ae0f, new balance: 100.00
Jul 21, 2024 2:55:42 PM org.example.AccountImpl addEntry
INFO: Account 1: Added entry org.example.AccountEntry@7ce69770, new balance: 100.00
Jul 21, 2024 2:55:42 PM org.example.AccountImpl addEntry
INFO: Account 1: Added entry org.example.AccountEntry@1750fbeb, new balance: 50.00
]]></system-err>
</testsuite>
